#
# There is insufficient memory for the Java Runtime Environment to continue.
# Native memory allocation (mmap) failed to map 266338304 bytes for G1 virtual space
# Possible reasons:
#   The system is out of physical RAM or swap space
#   The process is running with CompressedOops enabled, and the Java Heap may be blocking the growth of the native heap
# Possible solutions:
#   Reduce memory load on the system
#   Increase physical memory or swap space
#   Check if swap backing store is full
#   Decrease Java heap size (-Xmx/-Xms)
#   Decrease number of Java threads
#   Decrease Java thread stack sizes (-Xss)
#   Set larger code cache with -XX:ReservedCodeCacheSize=
#   JVM is running with Zero Based Compressed Oops mode in which the Java heap is
#     placed in the first 32GB address space. The Java Heap base address is the
#     maximum limit for the native heap growth. Please use -XX:HeapBaseMinAddress
#     to set the Java Heap base and to place the Java Heap above 32GB virtual address.
# This output file may be truncated or incomplete.
#
#  Out of Memory Error (os_windows.cpp:3548), pid=31152, tid=30912
#
# JRE version:  (17.0.10+11) (build )
# Java VM: Java HotSpot(TM) 64-Bit Server VM (17.0.10+11-LTS-240, mixed mode, emulated-client, sharing, tiered, compressed oops, compressed class ptrs, g1 gc, windows-amd64)
# No core dump will be written. Minidumps are not enabled by default on client versions of Windows
#

---------------  S U M M A R Y ------------

Command Line: -XX:TieredStopAtLevel=1 -Dspring.output.ansi.enabled=always -Dcom.sun.management.jmxremote -Dspring.jmx.enabled=true -Dspring.liveBeansView.mbeanDomain -Dspring.application.admin.enabled=true -Dmanagement.endpoints.jmx.exposure.include=* -javaagent:C:\Program Files\JetBrains\IntelliJ IDEA 2023.3.4\lib\idea_rt.jar=55127:C:\Program Files\JetBrains\IntelliJ IDEA 2023.3.4\bin -Dfile.encoding=UTF-8 com.positif.gestionBibliotheques.GestionBibliothequesApplication

Host: Intel(R) Core(TM) i5-8250U CPU @ 1.60GHz, 8 cores, 15G,  Windows 11 , 64 bit Build 22621 (10.0.22621.3085)
Time: Mon Mar 25 09:57:13 2024 Afr. centrale Ouest elapsed time: 0.039111 seconds (0d 0h 0m 0s)

---------------  T H R E A D  ---------------

Current thread (0x00000216fdd3d9a0):  JavaThread "Unknown thread" [_thread_in_vm, id=30912, stack(0x0000002ae1200000,0x0000002ae1300000)]

Stack: [0x0000002ae1200000,0x0000002ae1300000]
Native frames: (J=compiled Java code, j=interpreted, Vv=VM code, C=native code)
V  [jvm.dll+0x677a5a]
V  [jvm.dll+0x7d8b2d]
V  [jvm.dll+0x7da48e]
V  [jvm.dll+0x7daaf3]
V  [jvm.dll+0x2455ff]
V  [jvm.dll+0x6749b9]
V  [jvm.dll+0x669382]
V  [jvm.dll+0x302e96]
V  [jvm.dll+0x30a416]
V  [jvm.dll+0x359cbe]
V  [jvm.dll+0x359eef]
V  [jvm.dll+0x2d9e88]
V  [jvm.dll+0x2dadf4]
V  [jvm.dll+0x7aa551]
V  [jvm.dll+0x367911]
V  [jvm.dll+0x789639]
V  [jvm.dll+0x3eb30f]
V  [jvm.dll+0x3ecd91]
C  [jli.dll+0x5297]
C  [ucrtbase.dll+0x29363]
C  [KERNEL32.DLL+0x1257d]
C  [ntdll.dll+0x5aa58]


---------------  P R O C E S S  ---------------

Threads class SMR info:
_java_thread_list=0x00007ffad2c16a18, length=0, elements={
}

Java Threads: ( => current thread )

Other Threads:
  0x00000216fdda97b0 GCTaskThread "GC Thread#0" [stack: 0x0000002ae1300000,0x0000002ae1400000] [id=8028]
  0x00000216fddbbec0 ConcurrentGCThread "G1 Main Marker" [stack: 0x0000002ae1400000,0x0000002ae1500000] [id=23832]
  0x00000216fddbe080 ConcurrentGCThread "G1 Conc#0" [stack: 0x0000002ae1500000,0x0000002ae1600000] [id=21844]

[error occurred during error reporting (printing all threads), id 0xc0000005, EXCEPTION_ACCESS_VIOLATION (0xc0000005) at pc=0x00007ffad244aae7]

VM state: not at safepoint (not fully initialized)

VM Mutex/Monitor currently owned by a thread:  ([mutex/lock_event])
[0x00000216fdd39550] Heap_lock - owner thread: 0x00000216fdd3d9a0

Heap address: 0x0000000702600000, size: 4058 MB, Compressed Oops mode: Zero based, Oop shift amount: 3

CDS archive(s) mapped at: [0x0000000000000000-0x0000000000000000-0x0000000000000000), size 0, SharedBaseAddress: 0x0000000800000000, ArchiveRelocationMode: 1.
Narrow klass base: 0x0000000000000000, Narrow klass shift: 0, Narrow klass range: 0x0

GC Precious Log:
<Empty>

Heap:
 garbage-first heap   total 0K, used 0K [0x0000000702600000, 0x0000000800000000)
  region size 2048K, 0 young (0K), 0 survivors (0K)

[error occurred during error reporting (printing heap information), id 0xc0000005, EXCEPTION_ACCESS_VIOLATION (0xc0000005) at pc=0x00007ffad2831249]

GC Heap History (0 events):
No events

Deoptimization events (0 events):
No events

Classes unloaded (0 events):
No events

Classes redefined (0 events):
No events

Internal exceptions (0 events):
No events

VM Operations (0 events):
No events

Events (1 events):
Event: 0.027 Loaded shared library C:\Program Files\Java\jdk-17\bin\java.dll


Dynamic libraries:
0x00007ff65e710000 - 0x00007ff65e720000 	C:\Program Files\Java\jdk-17\bin\java.exe
0x00007ffb57910000 - 0x00007ffb57b27000 	C:\WINDOWS\SYSTEM32\ntdll.dll
0x00007ffb55850000 - 0x00007ffb55914000 	C:\WINDOWS\System32\KERNEL32.DLL
0x00007ffb54ef0000 - 0x00007ffb55296000 	C:\WINDOWS\System32\KERNELBASE.dll
0x00007ffb55540000 - 0x00007ffb55651000 	C:\WINDOWS\System32\ucrtbase.dll
0x00007ffb1a9b0000 - 0x00007ffb1a9cb000 	C:\Program Files\Java\jdk-17\bin\VCRUNTIME140.dll
0x00007ffb1d360000 - 0x00007ffb1d379000 	C:\Program Files\Java\jdk-17\bin\jli.dll
0x00007ffb55770000 - 0x00007ffb55823000 	C:\WINDOWS\System32\ADVAPI32.dll
0x00007ffb56c00000 - 0x00007ffb56ca7000 	C:\WINDOWS\System32\msvcrt.dll
0x00007ffb56f60000 - 0x00007ffb57008000 	C:\WINDOWS\System32\sechost.dll
0x00007ffb553f0000 - 0x00007ffb55418000 	C:\WINDOWS\System32\bcrypt.dll
0x00007ffb57580000 - 0x00007ffb57697000 	C:\WINDOWS\System32\RPCRT4.dll
0x00007ffb56d10000 - 0x00007ffb56ebe000 	C:\WINDOWS\System32\USER32.dll
0x00007ffb552a0000 - 0x00007ffb552c6000 	C:\WINDOWS\System32\win32u.dll
0x00007ffb406d0000 - 0x00007ffb40963000 	C:\WINDOWS\WinSxS\amd64_microsoft.windows.common-controls_6595b64144ccf1df_6.0.22621.2506_none_270c5ae97388e100\COMCTL32.dll
0x00007ffb573b0000 - 0x00007ffb573d9000 	C:\WINDOWS\System32\GDI32.dll
0x00007ffb552d0000 - 0x00007ffb553e8000 	C:\WINDOWS\System32\gdi32full.dll
0x00007ffb55420000 - 0x00007ffb554ba000 	C:\WINDOWS\System32\msvcp_win.dll
0x00007ffb476e0000 - 0x00007ffb476ea000 	C:\WINDOWS\SYSTEM32\VERSION.dll
0x00007ffb55710000 - 0x00007ffb55741000 	C:\WINDOWS\System32\IMM32.DLL
0x00007ffb1d3b0000 - 0x00007ffb1d3bc000 	C:\Program Files\Java\jdk-17\bin\vcruntime140_1.dll
0x00007ffae2f50000 - 0x00007ffae2fde000 	C:\Program Files\Java\jdk-17\bin\msvcp140.dll
0x00007ffad2160000 - 0x00007ffad2d3f000 	C:\Program Files\Java\jdk-17\bin\server\jvm.dll
0x00007ffb55750000 - 0x00007ffb55758000 	C:\WINDOWS\System32\PSAPI.DLL
0x00007ffb48960000 - 0x00007ffb48969000 	C:\WINDOWS\SYSTEM32\WSOCK32.dll
0x00007ffb4ae40000 - 0x00007ffb4ae74000 	C:\WINDOWS\SYSTEM32\WINMM.dll
0x00007ffb576a0000 - 0x00007ffb57711000 	C:\WINDOWS\System32\WS2_32.dll
0x00007ffb53d40000 - 0x00007ffb53d58000 	C:\WINDOWS\SYSTEM32\kernel.appcore.dll
0x00007ffb1d060000 - 0x00007ffb1d06a000 	C:\Program Files\Java\jdk-17\bin\jimage.dll
0x00007ffb524c0000 - 0x00007ffb526f3000 	C:\WINDOWS\SYSTEM32\DBGHELP.DLL
0x00007ffb57010000 - 0x00007ffb57399000 	C:\WINDOWS\System32\combase.dll
0x00007ffb55920000 - 0x00007ffb559f7000 	C:\WINDOWS\System32\OLEAUT32.dll
0x00007ffb2a990000 - 0x00007ffb2a9c2000 	C:\WINDOWS\SYSTEM32\dbgcore.DLL
0x00007ffb554c0000 - 0x00007ffb5553a000 	C:\WINDOWS\System32\bcryptPrimitives.dll
0x00007ffb4d530000 - 0x00007ffb4d53e000 	C:\Program Files\Java\jdk-17\bin\instrument.dll
0x00007ffb190b0000 - 0x00007ffb190d5000 	C:\Program Files\Java\jdk-17\bin\java.dll

dbghelp: loaded successfully - version: 4.0.5 - missing functions: none
symbol engine: initialized successfully - sym options: 0x614 - pdb path: .;C:\Program Files\Java\jdk-17\bin;C:\WINDOWS\SYSTEM32;C:\WINDOWS\WinSxS\amd64_microsoft.windows.common-controls_6595b64144ccf1df_6.0.22621.2506_none_270c5ae97388e100;C:\Program Files\Java\jdk-17\bin\server

VM Arguments:
jvm_args: -XX:TieredStopAtLevel=1 -Dspring.output.ansi.enabled=always -Dcom.sun.management.jmxremote -Dspring.jmx.enabled=true -Dspring.liveBeansView.mbeanDomain -Dspring.application.admin.enabled=true -Dmanagement.endpoints.jmx.exposure.include=* -javaagent:C:\Program Files\JetBrains\IntelliJ IDEA 2023.3.4\lib\idea_rt.jar=55127:C:\Program Files\JetBrains\IntelliJ IDEA 2023.3.4\bin -Dfile.encoding=UTF-8 
java_command: com.positif.gestionBibliotheques.GestionBibliothequesApplication
java_class_path (initial): C:\Users\SHADOWS-PC\Documents\PROJET_TUTORE_L3\projetent-main\projetent-main\gestionBibliotheques\target\classes;C:\Users\SHADOWS-PC\.m2\repository\org\springframework\boot\spring-boot-starter-data-jpa\2.7.8\spring-boot-starter-data-jpa-2.7.8.jar;C:\Users\SHADOWS-PC\.m2\repository\org\springframework\boot\spring-boot-starter-aop\2.7.8\spring-boot-starter-aop-2.7.8.jar;C:\Users\SHADOWS-PC\.m2\repository\org\aspectj\aspectjweaver\1.9.7\aspectjweaver-1.9.7.jar;C:\Users\SHADOWS-PC\.m2\repository\org\springframework\boot\spring-boot-starter-jdbc\2.7.8\spring-boot-starter-jdbc-2.7.8.jar;C:\Users\SHADOWS-PC\.m2\repository\com\zaxxer\HikariCP\4.0.3\HikariCP-4.0.3.jar;C:\Users\SHADOWS-PC\.m2\repository\org\springframework\spring-jdbc\5.3.25\spring-jdbc-5.3.25.jar;C:\Users\SHADOWS-PC\.m2\repository\jakarta\transaction\jakarta.transaction-api\1.3.3\jakarta.transaction-api-1.3.3.jar;C:\Users\SHADOWS-PC\.m2\repository\jakarta\persistence\jakarta.persistence-api\2.2.3\jakarta.persistence-api-2.2.3.jar;C:\Users\SHADOWS-PC\.m2\repository\org\hibernate\hibernate-core\5.6.14.Final\hibernate-core-5.6.14.Final.jar;C:\Users\SHADOWS-PC\.m2\repository\org\jboss\logging\jboss-logging\3.4.3.Final\jboss-logging-3.4.3.Final.jar;C:\Users\SHADOWS-PC\.m2\repository\net\bytebuddy\byte-buddy\1.12.22\byte-buddy-1.12.22.jar;C:\Users\SHADOWS-PC\.m2\repository\antlr\antlr\2.7.7\antlr-2.7.7.jar;C:\Users\SHADOWS-PC\.m2\repository\org\jboss\jandex\2.4.2.Final\jandex-2.4.2.Final.jar;C:\Users\SHADOWS-PC\.m2\repository\org\hibernate\common\hibernate-commons-annotations\5.1.2.Final\hibernate-commons-annotations-5.1.2.Final.jar;C:\Users\SHADOWS-PC\.m2\repository\org\glassfish\jaxb\jaxb-runtime\2.3.7\jaxb-runtime-2.3.7.jar;C:\Users\SHADOWS-PC\.m2\repository\org\glassfish\jaxb\txw2\2.3.7\txw2-2.3.7.jar;C:\Users\SHADOWS-PC\.m2\repository\com\sun\istack\istack-commons-runtime\3.0.12\istack-commons-runtime-3.0.12.jar;C:\Users\SHADOWS-PC\.m2\repository\com\sun\activation\jakarta.activat
Launcher Type: SUN_STANDARD

[Global flags]
     intx CICompilerCount                          = 4                                         {product} {ergonomic}
     uint ConcGCThreads                            = 2                                         {product} {ergonomic}
     uint G1ConcRefinementThreads                  = 8                                         {product} {ergonomic}
   size_t G1HeapRegionSize                         = 2097152                                   {product} {ergonomic}
    uintx GCDrainStackTargetSize                   = 64                                        {product} {ergonomic}
   size_t InitialHeapSize                          = 266338304                                 {product} {ergonomic}
     bool ManagementServer                         = true                                      {product} {command line}
   size_t MarkStackSize                            = 4194304                                   {product} {ergonomic}
   size_t MaxHeapSize                              = 4255121408                                {product} {ergonomic}
   size_t MinHeapDeltaBytes                        = 2097152                                   {product} {ergonomic}
   size_t MinHeapSize                              = 8388608                                   {product} {ergonomic}
    uintx NonProfiledCodeHeapSize                  = 0                                      {pd product} {ergonomic}
     bool ProfileInterpreter                       = false                                  {pd product} {command line}
    uintx ProfiledCodeHeapSize                     = 0                                      {pd product} {ergonomic}
   size_t SoftMaxHeapSize                          = 4255121408                             {manageable} {ergonomic}
     intx TieredStopAtLevel                        = 1                                         {product} {command line}
     bool UseCompressedClassPointers               = true                           {product lp64_product} {ergonomic}
     bool UseCompressedOops                        = true                           {product lp64_product} {ergonomic}
     bool UseG1GC                                  = true                                      {product} {ergonomic}
     bool UseLargePagesIndividualAllocation        = false                                  {pd product} {ergonomic}

Logging:
Log output configuration:
 #0: stdout all=warning uptime,level,tags
 #1: stderr all=off uptime,level,tags

Environment Variables:
PATH=C:\Program Files\Common Files\Oracle\Java\javapath;C:\Program Files (x86)\Common Files\Oracle\Java\javapath;C:\WINDOWS\system32;C:\WINDOWS;C:\WINDOWS\System32\Wbem;C:\WINDOWS\System32\WindowsPowerShell\v1.0\;C:\WINDOWS\System32\OpenSSH\;C:\Program Files\Git\cmd;C:\Program Files\nodejs\;C:\Program Files (x86)\Intel\Intel(R) Management Engine Components\DAL;C:\Program Files\Intel\Intel(R) Management Engine Components\DAL;C:\Users\SHADOWS-PC\AppData\Local\Microsoft\WindowsApps;C:\Users\SHADOWS-PC\AppData\Local\Programs\Microsoft VS Code\bin;C:\Users\SHADOWS-PC\AppData\Roaming\npm;C:\Users\SHADOWS-PC\AppData\Local\GitHubDesktop\bin;C:\Program Files\JetBrains\IntelliJ IDEA 2023.3.4\bin;
USERNAME=SHADOWS-PC
OS=Windows_NT
PROCESSOR_IDENTIFIER=Intel64 Family 6 Model 142 Stepping 10, GenuineIntel



---------------  S Y S T E M  ---------------

OS:
 Windows 11 , 64 bit Build 22621 (10.0.22621.3085)
OS uptime: 5 days 1:11 hours
Hyper-V role detected

CPU: total 8 (initial active 8) (4 cores per cpu, 2 threads per core) family 6 model 142 stepping 10 microcode 0xf4, cx8, cmov, fxsr, ht, mmx, 3dnowpref, sse, sse2, sse3, ssse3, sse4.1, sse4.2, popcnt, lzcnt, tsc, tscinvbit, avx, avx2, aes, erms, clmul, bmi1, bmi2, adx, fma, vzeroupper, clflush, clflushopt, hv

Memory: 4k page, system-wide physical 16227M (3739M free)
TotalPageFile size 19199M (AvailPageFile size 77M)
current process WorkingSet (physical memory assigned to process): 11M, peak: 11M
current process commit charge ("private bytes"): 55M, peak: 309M

vm_info: Java HotSpot(TM) 64-Bit Server VM (17.0.10+11-LTS-240) for windows-amd64 JRE (17.0.10+11-LTS-240), built on Dec 19 2023 21:47:25 by "mach5one" with MS VC++ 17.1 (VS2022)

END.
